d:\documents\visual studio 2013\projects\osc_test_euler\debug\osc.bsc
d:\documents\visual studio 2013\projects\osc_test_euler\osc_test\debug\osc.pch
d:\documents\visual studio 2013\projects\osc_test_euler\osc_test\debug\vc120.pdb
d:\documents\visual studio 2013\projects\osc_test_euler\osc_test\debug\vc120.idb
d:\documents\visual studio 2013\projects\osc_test_euler\osc_test\debug\stdafx.sbr
d:\documents\visual studio 2013\projects\osc_test_euler\osc_test\debug\stdafx.obj
d:\documents\visual studio 2013\projects\osc_test_euler\osc_test\debug\osc_test.sbr
d:\documents\visual studio 2013\projects\osc_test_euler\osc_test\debug\osctypes.sbr
d:\documents\visual studio 2013\projects\osc_test_euler\osc_test\debug\oscreceivedelements.sbr
d:\documents\visual studio 2013\projects\osc_test_euler\osc_test\debug\oscprintreceivedelements.sbr
d:\documents\visual studio 2013\projects\osc_test_euler\osc_test\debug\oscoutboundpacketstream.sbr
d:\documents\visual studio 2013\projects\osc_test_euler\osc_test\debug\udpsocket.sbr
d:\documents\visual studio 2013\projects\osc_test_euler\osc_test\debug\networkingutils.sbr
d:\documents\visual studio 2013\projects\osc_test_euler\osc_test\debug\ipendpointname.sbr
d:\documents\visual studio 2013\projects\osc_test_euler\osc_test\debug\data.sbr
d:\documents\visual studio 2013\projects\osc_test_euler\osc_test\debug\data.obj
d:\documents\visual studio 2013\projects\osc_test_euler\osc_test\debug\ipendpointname.obj
d:\documents\visual studio 2013\projects\osc_test_euler\osc_test\debug\networkingutils.obj
d:\documents\visual studio 2013\projects\osc_test_euler\osc_test\debug\udpsocket.obj
d:\documents\visual studio 2013\projects\osc_test_euler\osc_test\debug\oscoutboundpacketstream.obj
d:\documents\visual studio 2013\projects\osc_test_euler\osc_test\debug\oscprintreceivedelements.obj
d:\documents\visual studio 2013\projects\osc_test_euler\osc_test\debug\oscreceivedelements.obj
d:\documents\visual studio 2013\projects\osc_test_euler\osc_test\debug\osctypes.obj
d:\documents\visual studio 2013\projects\osc_test_euler\osc_test\debug\osc_test.obj
d:\documents\visual studio 2013\projects\osc_test_euler\debug\osc.ilk
d:\documents\visual studio 2013\projects\osc_test_euler\debug\osc.exe
d:\documents\visual studio 2013\projects\osc_test_euler\debug\osc.pdb
d:\documents\visual studio 2013\projects\osc_test_euler\osc_test\debug\osc_test.pch
d:\documents\visual studio 2013\projects\osc_test_euler\osc_test\debug\osc.tlog\bscmake.command.1.tlog
d:\documents\visual studio 2013\projects\osc_test_euler\osc_test\debug\osc.tlog\bscmake.read.1.tlog
d:\documents\visual studio 2013\projects\osc_test_euler\osc_test\debug\osc.tlog\bscmake.write.1.tlog
d:\documents\visual studio 2013\projects\osc_test_euler\osc_test\debug\osc.tlog\cl.command.1.tlog
d:\documents\visual studio 2013\projects\osc_test_euler\osc_test\debug\osc.tlog\cl.read.1.tlog
d:\documents\visual studio 2013\projects\osc_test_euler\osc_test\debug\osc.tlog\cl.write.1.tlog
d:\documents\visual studio 2013\projects\osc_test_euler\osc_test\debug\osc.tlog\link.command.1.tlog
d:\documents\visual studio 2013\projects\osc_test_euler\osc_test\debug\osc.tlog\link.read.1.tlog
d:\documents\visual studio 2013\projects\osc_test_euler\osc_test\debug\osc.tlog\link.write.1.tlog
